<component name="libraryTable">
  <library name="junit-4.12">
    <CLASSES>
      <root url="jar://D:/IntelliJ IDEA/IntelliJ IDEA Community Edition 2018.2.3/lib/junit-4.12.jar!/" />
    </CLASSES>
    <JAVADOC />
    <SOURCES />
  </library>
</component>